Using pre-set license
Built from '2020.3/release' branch; Version is '2020.3.7f1 (dd97f2c94397) revision 14522354'; Using compiler version '192528614'; Build Type 'Release'
OS: 'Windows 10 Home Single Language; OS build 19042.928; Version 2009; 64bit' Language: 'en' Physical Memory: 16283 MB
BatchMode: 1, IsHumanControllingUs: 0, StartBugReporterOnCrash: 0, Is64bit: 1, IsPro: 0

 COMMAND LINE ARGUMENTS:
C:\Program Files\Unity\Hub\Editor\2020.3.7f1\Editor\Unity.exe
-adb2
-batchMode
-noUpm
-name
AssetImportWorker1
-projectPath
C:/Users/5hw3t/Desktop/Unity CWC (first Bandar.Log game)/MarioKart Magnesis
-logFile
Logs/AssetImportWorker1.log
-srvPort
64234
Successfully changed project path to: C:/Users/5hw3t/Desktop/Unity CWC (first Bandar.Log game)/MarioKart Magnesis
C:/Users/5hw3t/Desktop/Unity CWC (first Bandar.Log game)/MarioKart Magnesis
Using Asset Import Pipeline V2.
Refreshing native plugins compatible for Editor in 43.85 ms, found 0 plugins.
Preloading 0 native plugins for Editor in 0.00 ms.
Initialize engine version: 2020.3.7f1 (dd97f2c94397)
[Subsystems] Discovering subsystems at path C:/Program Files/Unity/Hub/Editor/2020.3.7f1/Editor/Data/Resources/UnitySubsystems
[Subsystems] Discovering subsystems at path C:/Users/5hw3t/Desktop/Unity CWC (first Bandar.Log game)/MarioKart Magnesis/Assets
GfxDevice: creating device client; threaded=0
Direct3D:
    Version:  Direct3D 11.0 [level 11.1]
    Renderer: NVIDIA GeForce GTX 980M (ID=0x13d7)
    Vendor:   
    VRAM:     8153 MB
    Driver:   23.21.13.8912
Initialize mono
Mono path[0] = 'C:/Program Files/Unity/Hub/Editor/2020.3.7f1/Editor/Data/Managed'
Mono path[1] = 'C:/Program Files/Unity/Hub/Editor/2020.3.7f1/Editor/Data/MonoBleedingEdge/lib/mono/unityjit'
Mono config path = 'C:/Program Files/Unity/Hub/Editor/2020.3.7f1/Editor/Data/MonoBleedingEdge/etc'
Using monoOptions --debugger-agent=transport=dt_socket,embedding=1,server=y,suspend=n,address=127.0.0.1:56564
Begin MonoManager ReloadAssembly
Registering precompiled unity dll's ...
Register platform support module: C:/Program Files/Unity/Hub/Editor/2020.3.7f1/Editor/Data/PlaybackEngines/WebGLSupport/UnityEditor.WebGL.Extensions.dll
Register platform support module: C:/Program Files/Unity/Hub/Editor/2020.3.7f1/Editor/Data/PlaybackEngines/MacStandaloneSupport/UnityEditor.OSXStandalone.Extensions.dll
Register platform support module: C:/Program Files/Unity/Hub/Editor/2020.3.7f1/Editor/Data/PlaybackEngines/WindowsStandaloneSupport/UnityEditor.WindowsStandalone.Extensions.dll
Registered in 0.005376 seconds.
Native extension for WindowsStandalone target not found
Native extension for OSXStandalone target not found
Native extension for WebGL target not found
Refreshing native plugins compatible for Editor in 41.99 ms, found 0 plugins.
Preloading 0 native plugins for Editor in 0.00 ms.
Mono: successfully reloaded assembly
- Completed reload, in  4.876 seconds
Platform modules already initialized, skipping
Registering precompiled user dll's ...
Registered in 0.001763 seconds.
Begin MonoManager ReloadAssembly
Native extension for WindowsStandalone target not found
Native extension for OSXStandalone target not found
Native extension for WebGL target not found
Refreshing native plugins compatible for Editor in 0.32 ms, found 0 plugins.
Preloading 0 native plugins for Editor in 0.00 ms.
Mono: successfully reloaded assembly
- Completed reload, in  1.474 seconds
Platform modules already initialized, skipping
========================================================================
Worker process is ready to serve import requests
Launched and connected shader compiler UnityShaderCompiler.exe after 0.07 seconds
Refreshing native plugins compatible for Editor in 0.45 ms, found 0 plugins.
Preloading 0 native plugins for Editor in 0.00 ms.
Unloading 1288 Unused Serialized files (Serialized files now loaded: 0)
System memory in use before: 135.8 MB.
System memory in use after: 135.8 MB.

Unloading 11 unused Assets to reduce memory usage. Loaded Objects now: 1734.
Total: 2.856900 ms (FindLiveObjects: 0.653000 ms CreateObjectMapping: 0.154400 ms MarkObjects: 1.943400 ms  DeleteObjects: 0.104500 ms)

========================================================================
Received Import Request.
  path: Assets/bullet.prefab
  artifactKey: Guid(55a83aaf6a94f1e44a8afddd9205a41c) Importer(815301076,1909f56bfc062723c751e8b465ee728b)
Start importing Assets/bullet.prefab using Guid(55a83aaf6a94f1e44a8afddd9205a41c) Importer(815301076,1909f56bfc062723c751e8b465ee728b)  -> (artifact id: '9e201ddd930baff7e783dc87eb17d021') in 0.183779 seconds
  Import took 0.187205 seconds .

========================================================================
Received Import Request.
  Time since last request: 0.000313 seconds.
  path: Assets/Kart.prefab
  artifactKey: Guid(e88b9df2503d74941a4a52a355341b6d) Importer(815301076,1909f56bfc062723c751e8b465ee728b)
Start importing Assets/Kart.prefab using Guid(e88b9df2503d74941a4a52a355341b6d) Importer(815301076,1909f56bfc062723c751e8b465ee728b)  -> (artifact id: '1617a9497b6dacd915a52d1856eae43a') in 0.030029 seconds
  Import took 0.034103 seconds .

========================================================================
Received Import Request.
  Time since last request: 6.936980 seconds.
  path: ProjectSettings/TagManager.asset
  artifactKey: Guid(00000000000000003000000000000000) Importer(815301076,1909f56bfc062723c751e8b465ee728b)
Start importing ProjectSettings/TagManager.asset using Guid(00000000000000003000000000000000) Importer(815301076,1909f56bfc062723c751e8b465ee728b)  -> (artifact id: '69ae59df70824e5286d2e4500bd10bf7') in 0.013195 seconds
  Import took 0.017232 seconds .

========================================================================
Received Import Request.
  Time since last request: 0.002159 seconds.
  path: ProjectSettings/TagManager.asset
  artifactKey: Guid(00000000000000003000000000000000) Importer(815301076,1909f56bfc062723c751e8b465ee728b)
Start importing ProjectSettings/TagManager.asset using Guid(00000000000000003000000000000000) Importer(815301076,1909f56bfc062723c751e8b465ee728b)  -> (artifact id: '69ae59df70824e5286d2e4500bd10bf7') in 0.005253 seconds
  Import took 0.009807 seconds .

========================================================================
Received Prepare
Refreshing native plugins compatible for Editor in 0.85 ms, found 0 plugins.
Preloading 0 native plugins for Editor in 0.00 ms.
Unloading 3 Unused Serialized files (Serialized files now loaded: 0)
System memory in use before: 113.1 MB.
System memory in use after: 113.1 MB.

Unloading 5 unused Assets to reduce memory usage. Loaded Objects now: 1744.
Total: 8.899000 ms (FindLiveObjects: 0.799200 ms CreateObjectMapping: 0.300100 ms MarkObjects: 7.631500 ms  DeleteObjects: 0.163800 ms)

========================================================================
Received Prepare
Registering precompiled user dll's ...
Registered in 0.000914 seconds.
Begin MonoManager ReloadAssembly
Native extension for WindowsStandalone target not found
Native extension for OSXStandalone target not found
Native extension for WebGL target not found
Refreshing native plugins compatible for Editor in 0.45 ms, found 0 plugins.
Preloading 0 native plugins for Editor in 0.00 ms.
Mono: successfully reloaded assembly
- Completed reload, in  1.253 seconds
Platform modules already initialized, skipping
Refreshing native plugins compatible for Editor in 0.28 ms, found 0 plugins.
Preloading 0 native plugins for Editor in 0.00 ms.
Unloading 1281 Unused Serialized files (Serialized files now loaded: 0)
System memory in use before: 138.8 MB.
System memory in use after: 138.8 MB.

Unloading 6 unused Assets to reduce memory usage. Loaded Objects now: 1747.
Total: 2.675100 ms (FindLiveObjects: 0.410100 ms CreateObjectMapping: 0.078400 ms MarkObjects: 2.133100 ms  DeleteObjects: 0.052700 ms)

========================================================================
Received Prepare
Registering precompiled user dll's ...
Registered in 0.000811 seconds.
Begin MonoManager ReloadAssembly
Native extension for WindowsStandalone target not found
Native extension for OSXStandalone target not found
Native extension for WebGL target not found
Refreshing native plugins compatible for Editor in 0.51 ms, found 0 plugins.
Preloading 0 native plugins for Editor in 0.00 ms.
Mono: successfully reloaded assembly
- Completed reload, in  1.105 seconds
Platform modules already initialized, skipping
Refreshing native plugins compatible for Editor in 0.27 ms, found 0 plugins.
Preloading 0 native plugins for Editor in 0.00 ms.
Unloading 1281 Unused Serialized files (Serialized files now loaded: 0)
System memory in use before: 138.8 MB.
System memory in use after: 138.9 MB.

Unloading 6 unused Assets to reduce memory usage. Loaded Objects now: 1750.
Total: 2.920200 ms (FindLiveObjects: 0.201200 ms CreateObjectMapping: 0.066200 ms MarkObjects: 2.528100 ms  DeleteObjects: 0.123600 ms)

========================================================================
Received Import Request.
  Time since last request: 135.442454 seconds.
  path: Assets/bullet.prefab
  artifactKey: Guid(55a83aaf6a94f1e44a8afddd9205a41c) Importer(815301076,1909f56bfc062723c751e8b465ee728b)
Start importing Assets/bullet.prefab using Guid(55a83aaf6a94f1e44a8afddd9205a41c) Importer(815301076,1909f56bfc062723c751e8b465ee728b)  -> (artifact id: '77a7713be508ec825641545e42074262') in 0.117900 seconds
  Import took 0.123303 seconds .

========================================================================
Received Import Request.
  Time since last request: 0.000409 seconds.
  path: ProjectSettings/TagManager.asset
  artifactKey: Guid(00000000000000003000000000000000) Importer(815301076,1909f56bfc062723c751e8b465ee728b)
Start importing ProjectSettings/TagManager.asset using Guid(00000000000000003000000000000000) Importer(815301076,1909f56bfc062723c751e8b465ee728b)  -> (artifact id: 'c1feaf23ba160b104845b8856e92109b') in 0.005234 seconds
  Import took 0.009879 seconds .

========================================================================
Received Import Request.
  Time since last request: 11.191914 seconds.
  path: Assets/bullet.prefab
  artifactKey: Guid(55a83aaf6a94f1e44a8afddd9205a41c) Importer(815301076,1909f56bfc062723c751e8b465ee728b)
Start importing Assets/bullet.prefab using Guid(55a83aaf6a94f1e44a8afddd9205a41c) Importer(815301076,1909f56bfc062723c751e8b465ee728b)  -> (artifact id: '17913823a14f6c8dcc3a4ef719d46e49') in 0.021964 seconds
  Import took 0.025650 seconds .

========================================================================
Received Prepare
Registering precompiled user dll's ...
Registered in 0.000884 seconds.
Begin MonoManager ReloadAssembly
Native extension for WindowsStandalone target not found
Native extension for OSXStandalone target not found
Native extension for WebGL target not found
Refreshing native plugins compatible for Editor in 0.25 ms, found 0 plugins.
Preloading 0 native plugins for Editor in 0.00 ms.
Mono: successfully reloaded assembly
- Completed reload, in  1.080 seconds
Platform modules already initialized, skipping
Script error: OnTriggerExit
This message parameter has to be of type: Collider
The message will be ignored.

Refreshing native plugins compatible for Editor in 0.25 ms, found 0 plugins.
Preloading 0 native plugins for Editor in 0.00 ms.
Unloading 1281 Unused Serialized files (Serialized files now loaded: 0)
System memory in use before: 138.9 MB.
System memory in use after: 139.0 MB.

Unloading 7 unused Assets to reduce memory usage. Loaded Objects now: 1754.
Total: 3.088700 ms (FindLiveObjects: 0.379900 ms CreateObjectMapping: 0.125600 ms MarkObjects: 2.466300 ms  DeleteObjects: 0.115600 ms)

========================================================================
Received Prepare
Registering precompiled user dll's ...
Registered in 0.000847 seconds.
Begin MonoManager ReloadAssembly
Native extension for WindowsStandalone target not found
Native extension for OSXStandalone target not found
Native extension for WebGL target not found
Refreshing native plugins compatible for Editor in 0.26 ms, found 0 plugins.
Preloading 0 native plugins for Editor in 0.00 ms.
Mono: successfully reloaded assembly
- Completed reload, in  1.170 seconds
Platform modules already initialized, skipping
Refreshing native plugins compatible for Editor in 0.31 ms, found 0 plugins.
Preloading 0 native plugins for Editor in 0.00 ms.
Unloading 1281 Unused Serialized files (Serialized files now loaded: 0)
System memory in use before: 138.9 MB.
System memory in use after: 139.0 MB.

Unloading 6 unused Assets to reduce memory usage. Loaded Objects now: 1757.
Total: 2.451300 ms (FindLiveObjects: 0.184700 ms CreateObjectMapping: 0.055700 ms MarkObjects: 2.136200 ms  DeleteObjects: 0.072200 ms)

========================================================================
Received Prepare
Registering precompiled user dll's ...
Registered in 0.000930 seconds.
Begin MonoManager ReloadAssembly
Native extension for WindowsStandalone target not found
Native extension for OSXStandalone target not found
Native extension for WebGL target not found
Refreshing native plugins compatible for Editor in 0.25 ms, found 0 plugins.
Preloading 0 native plugins for Editor in 0.00 ms.
Mono: successfully reloaded assembly
- Completed reload, in  1.068 seconds
Platform modules already initialized, skipping
Refreshing native plugins compatible for Editor in 0.29 ms, found 0 plugins.
Preloading 0 native plugins for Editor in 0.00 ms.
Unloading 1281 Unused Serialized files (Serialized files now loaded: 0)
System memory in use before: 138.9 MB.
System memory in use after: 139.0 MB.

Unloading 6 unused Assets to reduce memory usage. Loaded Objects now: 1760.
Total: 2.718200 ms (FindLiveObjects: 0.578500 ms CreateObjectMapping: 0.140700 ms MarkObjects: 1.889700 ms  DeleteObjects: 0.108000 ms)

========================================================================
Received Prepare
Registering precompiled user dll's ...
Registered in 0.000902 seconds.
Begin MonoManager ReloadAssembly
Native extension for WindowsStandalone target not found
Native extension for OSXStandalone target not found
Native extension for WebGL target not found
Refreshing native plugins compatible for Editor in 0.28 ms, found 0 plugins.
Preloading 0 native plugins for Editor in 0.00 ms.
Mono: successfully reloaded assembly
- Completed reload, in  1.051 seconds
Platform modules already initialized, skipping
Refreshing native plugins compatible for Editor in 0.28 ms, found 0 plugins.
Preloading 0 native plugins for Editor in 0.00 ms.
Unloading 1281 Unused Serialized files (Serialized files now loaded: 0)
System memory in use before: 139.0 MB.
System memory in use after: 139.0 MB.

Unloading 6 unused Assets to reduce memory usage. Loaded Objects now: 1763.
Total: 2.938500 ms (FindLiveObjects: 0.472200 ms CreateObjectMapping: 0.150800 ms MarkObjects: 2.195300 ms  DeleteObjects: 0.118100 ms)

========================================================================
Received Prepare
Registering precompiled user dll's ...
Registered in 0.001022 seconds.
Begin MonoManager ReloadAssembly
Native extension for WindowsStandalone target not found
Native extension for OSXStandalone target not found
Native extension for WebGL target not found
Refreshing native plugins compatible for Editor in 0.29 ms, found 0 plugins.
Preloading 0 native plugins for Editor in 0.00 ms.
Mono: successfully reloaded assembly
- Completed reload, in  1.047 seconds
Platform modules already initialized, skipping
Refreshing native plugins compatible for Editor in 0.26 ms, found 0 plugins.
Preloading 0 native plugins for Editor in 0.00 ms.
Unloading 1281 Unused Serialized files (Serialized files now loaded: 0)
System memory in use before: 139.0 MB.
System memory in use after: 139.0 MB.

Unloading 6 unused Assets to reduce memory usage. Loaded Objects now: 1766.
Total: 3.138600 ms (FindLiveObjects: 0.454300 ms CreateObjectMapping: 0.072600 ms MarkObjects: 2.406200 ms  DeleteObjects: 0.203900 ms)

========================================================================
Received Prepare
Registering precompiled user dll's ...
Registered in 0.001142 seconds.
Begin MonoManager ReloadAssembly
Native extension for WindowsStandalone target not found
Native extension for OSXStandalone target not found
Native extension for WebGL target not found
Refreshing native plugins compatible for Editor in 0.42 ms, found 0 plugins.
Preloading 0 native plugins for Editor in 0.00 ms.
Mono: successfully reloaded assembly
- Completed reload, in  1.208 seconds
Platform modules already initialized, skipping
Refreshing native plugins compatible for Editor in 0.28 ms, found 0 plugins.
Preloading 0 native plugins for Editor in 0.00 ms.
Unloading 1281 Unused Serialized files (Serialized files now loaded: 0)
System memory in use before: 139.0 MB.
System memory in use after: 139.0 MB.

Unloading 6 unused Assets to reduce memory usage. Loaded Objects now: 1769.
Total: 2.535800 ms (FindLiveObjects: 0.272200 ms CreateObjectMapping: 0.111700 ms MarkObjects: 2.051500 ms  DeleteObjects: 0.099000 ms)

========================================================================
Received Prepare
Registering precompiled user dll's ...
Registered in 0.000856 seconds.
Begin MonoManager ReloadAssembly
Native extension for WindowsStandalone target not found
Native extension for OSXStandalone target not found
Native extension for WebGL target not found
Refreshing native plugins compatible for Editor in 0.28 ms, found 0 plugins.
Preloading 0 native plugins for Editor in 0.00 ms.
Mono: successfully reloaded assembly
- Completed reload, in  1.251 seconds
Platform modules already initialized, skipping
Refreshing native plugins compatible for Editor in 0.29 ms, found 0 plugins.
Preloading 0 native plugins for Editor in 0.00 ms.
Unloading 1281 Unused Serialized files (Serialized files now loaded: 0)
System memory in use before: 139.0 MB.
System memory in use after: 139.1 MB.

Unloading 6 unused Assets to reduce memory usage. Loaded Objects now: 1772.
Total: 3.571400 ms (FindLiveObjects: 0.286600 ms CreateObjectMapping: 0.089700 ms MarkObjects: 3.066300 ms  DeleteObjects: 0.127400 ms)

========================================================================
Received Prepare
Registering precompiled user dll's ...
Registered in 0.000862 seconds.
Begin MonoManager ReloadAssembly
Native extension for WindowsStandalone target not found
Native extension for OSXStandalone target not found
Native extension for WebGL target not found
Refreshing native plugins compatible for Editor in 0.29 ms, found 0 plugins.
Preloading 0 native plugins for Editor in 0.00 ms.
Mono: successfully reloaded assembly
- Completed reload, in  1.049 seconds
Platform modules already initialized, skipping
Refreshing native plugins compatible for Editor in 0.28 ms, found 0 plugins.
Preloading 0 native plugins for Editor in 0.00 ms.
Unloading 1281 Unused Serialized files (Serialized files now loaded: 0)
System memory in use before: 139.0 MB.
System memory in use after: 139.1 MB.

Unloading 6 unused Assets to reduce memory usage. Loaded Objects now: 1775.
Total: 2.539500 ms (FindLiveObjects: 0.251900 ms CreateObjectMapping: 0.077800 ms MarkObjects: 2.086200 ms  DeleteObjects: 0.121600 ms)

========================================================================
Received Prepare
Registering precompiled user dll's ...
Registered in 0.000962 seconds.
Begin MonoManager ReloadAssembly
Native extension for WindowsStandalone target not found
Native extension for OSXStandalone target not found
Native extension for WebGL target not found
Refreshing native plugins compatible for Editor in 0.25 ms, found 0 plugins.
Preloading 0 native plugins for Editor in 0.00 ms.
Mono: successfully reloaded assembly
- Completed reload, in  1.088 seconds
Platform modules already initialized, skipping
Refreshing native plugins compatible for Editor in 0.29 ms, found 0 plugins.
Preloading 0 native plugins for Editor in 0.00 ms.
Unloading 1281 Unused Serialized files (Serialized files now loaded: 0)
System memory in use before: 139.0 MB.
System memory in use after: 139.1 MB.

Unloading 6 unused Assets to reduce memory usage. Loaded Objects now: 1778.
Total: 2.102000 ms (FindLiveObjects: 0.282100 ms CreateObjectMapping: 0.051400 ms MarkObjects: 1.662700 ms  DeleteObjects: 0.104700 ms)

========================================================================
Received Prepare
Registering precompiled user dll's ...
Registered in 0.000857 seconds.
Begin MonoManager ReloadAssembly
Native extension for WindowsStandalone target not found
Native extension for OSXStandalone target not found
Native extension for WebGL target not found
Refreshing native plugins compatible for Editor in 0.31 ms, found 0 plugins.
Preloading 0 native plugins for Editor in 0.00 ms.
Mono: successfully reloaded assembly
- Completed reload, in  1.219 seconds
Platform modules already initialized, skipping
Refreshing native plugins compatible for Editor in 0.28 ms, found 0 plugins.
Preloading 0 native plugins for Editor in 0.00 ms.
Unloading 1281 Unused Serialized files (Serialized files now loaded: 0)
System memory in use before: 139.0 MB.
System memory in use after: 139.1 MB.

Unloading 6 unused Assets to reduce memory usage. Loaded Objects now: 1781.
Total: 2.709300 ms (FindLiveObjects: 0.381700 ms CreateObjectMapping: 0.112700 ms MarkObjects: 2.085300 ms  DeleteObjects: 0.128500 ms)

========================================================================
Received Import Request.
  Time since last request: 939.572833 seconds.
  path: Assets/bullet.prefab
  artifactKey: Guid(55a83aaf6a94f1e44a8afddd9205a41c) Importer(815301076,1909f56bfc062723c751e8b465ee728b)
Start importing Assets/bullet.prefab using Guid(55a83aaf6a94f1e44a8afddd9205a41c) Importer(815301076,1909f56bfc062723c751e8b465ee728b)  -> (artifact id: 'b8388f3985ef817b8eb9276866577a81') in 0.071431 seconds
  Import took 0.074519 seconds .

========================================================================
Received Import Request.
  Time since last request: 11.275803 seconds.
  path: Assets/bullet.prefab
  artifactKey: Guid(55a83aaf6a94f1e44a8afddd9205a41c) Importer(815301076,1909f56bfc062723c751e8b465ee728b)
Start importing Assets/bullet.prefab using Guid(55a83aaf6a94f1e44a8afddd9205a41c) Importer(815301076,1909f56bfc062723c751e8b465ee728b)  -> (artifact id: '1dba04e8903b938fb5548f1804e8e918') in 0.022264 seconds
  Import took 0.026375 seconds .

========================================================================
Received Import Request.
  Time since last request: 0.017750 seconds.
  path: Assets/bullet.prefab
  artifactKey: Guid(55a83aaf6a94f1e44a8afddd9205a41c) Importer(815301076,1909f56bfc062723c751e8b465ee728b)
Start importing Assets/bullet.prefab using Guid(55a83aaf6a94f1e44a8afddd9205a41c) Importer(815301076,1909f56bfc062723c751e8b465ee728b)  -> (artifact id: '1dba04e8903b938fb5548f1804e8e918') in 0.013576 seconds
  Import took 0.018180 seconds .

========================================================================
Received Prepare
Registering precompiled user dll's ...
Registered in 0.000796 seconds.
Begin MonoManager ReloadAssembly
Native extension for WindowsStandalone target not found
Native extension for OSXStandalone target not found
Native extension for WebGL target not found
Refreshing native plugins compatible for Editor in 0.39 ms, found 0 plugins.
Preloading 0 native plugins for Editor in 0.00 ms.
Mono: successfully reloaded assembly
- Completed reload, in  1.310 seconds
Platform modules already initialized, skipping
Refreshing native plugins compatible for Editor in 0.26 ms, found 0 plugins.
Preloading 0 native plugins for Editor in 0.00 ms.
Unloading 1281 Unused Serialized files (Serialized files now loaded: 0)
System memory in use before: 139.0 MB.
System memory in use after: 139.1 MB.

Unloading 6 unused Assets to reduce memory usage. Loaded Objects now: 1785.
Total: 2.313600 ms (FindLiveObjects: 0.158400 ms CreateObjectMapping: 0.061000 ms MarkObjects: 2.007300 ms  DeleteObjects: 0.085500 ms)

========================================================================
Received Import Request.
  Time since last request: 27.305325 seconds.
  path: Assets/bullet.prefab
  artifactKey: Guid(55a83aaf6a94f1e44a8afddd9205a41c) Importer(815301076,1909f56bfc062723c751e8b465ee728b)
Start importing Assets/bullet.prefab using Guid(55a83aaf6a94f1e44a8afddd9205a41c) Importer(815301076,1909f56bfc062723c751e8b465ee728b)  -> (artifact id: 'faae77f87bb1906ce8eda9f83abb3d4e') in 0.079705 seconds
  Import took 0.082270 seconds .

========================================================================
Received Import Request.
  Time since last request: 2.142952 seconds.
  path: Assets/bullet.prefab
  artifactKey: Guid(55a83aaf6a94f1e44a8afddd9205a41c) Importer(815301076,1909f56bfc062723c751e8b465ee728b)
Start importing Assets/bullet.prefab using Guid(55a83aaf6a94f1e44a8afddd9205a41c) Importer(815301076,1909f56bfc062723c751e8b465ee728b)  -> (artifact id: 'faae77f87bb1906ce8eda9f83abb3d4e') in 0.019199 seconds
  Import took 0.023550 seconds .

========================================================================
Received Prepare
Registering precompiled user dll's ...
Registered in 0.001044 seconds.
Begin MonoManager ReloadAssembly
Native extension for WindowsStandalone target not found
Native extension for OSXStandalone target not found
Native extension for WebGL target not found
Refreshing native plugins compatible for Editor in 0.52 ms, found 0 plugins.
Preloading 0 native plugins for Editor in 0.00 ms.
Mono: successfully reloaded assembly
- Completed reload, in  1.207 seconds
Platform modules already initialized, skipping
Refreshing native plugins compatible for Editor in 0.44 ms, found 0 plugins.
Preloading 0 native plugins for Editor in 0.00 ms.
Unloading 1281 Unused Serialized files (Serialized files now loaded: 0)
System memory in use before: 139.0 MB.
System memory in use after: 139.1 MB.

Unloading 6 unused Assets to reduce memory usage. Loaded Objects now: 1789.
Total: 3.005400 ms (FindLiveObjects: 0.431300 ms CreateObjectMapping: 0.164800 ms MarkObjects: 2.353900 ms  DeleteObjects: 0.053700 ms)

========================================================================
Received Import Request.
  Time since last request: 30.999513 seconds.
  path: Assets/bullet.prefab
  artifactKey: Guid(55a83aaf6a94f1e44a8afddd9205a41c) Importer(815301076,1909f56bfc062723c751e8b465ee728b)
Start importing Assets/bullet.prefab using Guid(55a83aaf6a94f1e44a8afddd9205a41c) Importer(815301076,1909f56bfc062723c751e8b465ee728b)  -> (artifact id: '9fb897f9f530845ddfdfb386731a5d92') in 0.079593 seconds
  Import took 0.084632 seconds .

========================================================================
Received Prepare
Registering precompiled user dll's ...
Registered in 0.000975 seconds.
Begin MonoManager ReloadAssembly
Native extension for WindowsStandalone target not found
Native extension for OSXStandalone target not found
Native extension for WebGL target not found
Refreshing native plugins compatible for Editor in 0.36 ms, found 0 plugins.
Preloading 0 native plugins for Editor in 0.00 ms.
Mono: successfully reloaded assembly
- Completed reload, in  1.024 seconds
Platform modules already initialized, skipping
Refreshing native plugins compatible for Editor in 0.23 ms, found 0 plugins.
Preloading 0 native plugins for Editor in 0.00 ms.
Unloading 1281 Unused Serialized files (Serialized files now loaded: 0)
System memory in use before: 139.0 MB.
System memory in use after: 139.1 MB.

Unloading 6 unused Assets to reduce memory usage. Loaded Objects now: 1793.
Total: 3.186400 ms (FindLiveObjects: 0.282900 ms CreateObjectMapping: 0.116600 ms MarkObjects: 2.666400 ms  DeleteObjects: 0.119800 ms)

========================================================================
Received Prepare
Registering precompiled user dll's ...
Registered in 0.003824 seconds.
Begin MonoManager ReloadAssembly
Native extension for WindowsStandalone target not found
Native extension for OSXStandalone target not found
Native extension for WebGL target not found
Refreshing native plugins compatible for Editor in 1.00 ms, found 0 plugins.
Preloading 0 native plugins for Editor in 0.00 ms.
Mono: successfully reloaded assembly
- Completed reload, in  4.287 seconds
Platform modules already initialized, skipping
Refreshing native plugins compatible for Editor in 0.66 ms, found 0 plugins.
Preloading 0 native plugins for Editor in 0.00 ms.
Unloading 1281 Unused Serialized files (Serialized files now loaded: 0)
System memory in use before: 139.0 MB.
System memory in use after: 139.1 MB.

Unloading 6 unused Assets to reduce memory usage. Loaded Objects now: 1796.
Total: 6.910400 ms (FindLiveObjects: 0.717300 ms CreateObjectMapping: 0.274700 ms MarkObjects: 5.737900 ms  DeleteObjects: 0.175900 ms)

========================================================================
Received Import Request.
  Time since last request: 1981.083571 seconds.
  path: Assets/Magnesis Pickup.prefab
  artifactKey: Guid(55ed2745e1c6c674c9e7addaae9c0506) Importer(815301076,1909f56bfc062723c751e8b465ee728b)
Start importing Assets/Magnesis Pickup.prefab using Guid(55ed2745e1c6c674c9e7addaae9c0506) Importer(815301076,1909f56bfc062723c751e8b465ee728b)  -> (artifact id: '1025388225f8ce8299824496c060fb2c') in 0.304885 seconds
  Import took 0.317325 seconds .

========================================================================
Received Import Request.
  Time since last request: 0.002818 seconds.
  path: Assets/Magnesis Pickup.prefab
  artifactKey: Guid(55ed2745e1c6c674c9e7addaae9c0506) Importer(815301076,1909f56bfc062723c751e8b465ee728b)
Start importing Assets/Magnesis Pickup.prefab using Guid(55ed2745e1c6c674c9e7addaae9c0506) Importer(815301076,1909f56bfc062723c751e8b465ee728b)  -> (artifact id: '1025388225f8ce8299824496c060fb2c') in 0.044235 seconds
  Import took 0.055575 seconds .

========================================================================
Received Prepare
Registering precompiled user dll's ...
Registered in 0.003034 seconds.
Begin MonoManager ReloadAssembly
Native extension for WindowsStandalone target not found
Native extension for OSXStandalone target not found
Native extension for WebGL target not found
Refreshing native plugins compatible for Editor in 0.69 ms, found 0 plugins.
Preloading 0 native plugins for Editor in 0.00 ms.
Mono: successfully reloaded assembly
- Completed reload, in  4.384 seconds
Platform modules already initialized, skipping
Refreshing native plugins compatible for Editor in 0.69 ms, found 0 plugins.
Preloading 0 native plugins for Editor in 0.00 ms.
Unloading 1281 Unused Serialized files (Serialized files now loaded: 0)
System memory in use before: 139.1 MB.
System memory in use after: 139.1 MB.

Unloading 6 unused Assets to reduce memory usage. Loaded Objects now: 1800.
Total: 7.346300 ms (FindLiveObjects: 0.753500 ms CreateObjectMapping: 0.218300 ms MarkObjects: 6.211600 ms  DeleteObjects: 0.158300 ms)

========================================================================
Received Prepare
Registering precompiled user dll's ...
Registered in 0.002968 seconds.
Begin MonoManager ReloadAssembly
Native extension for WindowsStandalone target not found
Native extension for OSXStandalone target not found
Native extension for WebGL target not found
Refreshing native plugins compatible for Editor in 1.21 ms, found 0 plugins.
Preloading 0 native plugins for Editor in 0.00 ms.
Mono: successfully reloaded assembly
- Completed reload, in  4.436 seconds
Platform modules already initialized, skipping
Refreshing native plugins compatible for Editor in 0.68 ms, found 0 plugins.
Preloading 0 native plugins for Editor in 0.00 ms.
Unloading 1281 Unused Serialized files (Serialized files now loaded: 0)
System memory in use before: 139.1 MB.
System memory in use after: 139.1 MB.

Unloading 6 unused Assets to reduce memory usage. Loaded Objects now: 1803.
Total: 6.632300 ms (FindLiveObjects: 0.548200 ms CreateObjectMapping: 0.157600 ms MarkObjects: 5.754600 ms  DeleteObjects: 0.168000 ms)

========================================================================
Received Prepare
Registering precompiled user dll's ...
Registered in 0.000893 seconds.
Begin MonoManager ReloadAssembly
Native extension for WindowsStandalone target not found
Native extension for OSXStandalone target not found
Native extension for WebGL target not found
Refreshing native plugins compatible for Editor in 0.41 ms, found 0 plugins.
Preloading 0 native plugins for Editor in 0.00 ms.
Mono: successfully reloaded assembly
- Completed reload, in  1.178 seconds
Platform modules already initialized, skipping
Refreshing native plugins compatible for Editor in 0.32 ms, found 0 plugins.
Preloading 0 native plugins for Editor in 0.00 ms.
Unloading 1281 Unused Serialized files (Serialized files now loaded: 0)
System memory in use before: 139.1 MB.
System memory in use after: 139.1 MB.

Unloading 6 unused Assets to reduce memory usage. Loaded Objects now: 1806.
Total: 2.840200 ms (FindLiveObjects: 0.189200 ms CreateObjectMapping: 0.083900 ms MarkObjects: 2.460500 ms  DeleteObjects: 0.105500 ms)

========================================================================
Received Prepare
Registering precompiled user dll's ...
Registered in 0.001028 seconds.
Begin MonoManager ReloadAssembly
Native extension for WindowsStandalone target not found
Native extension for OSXStandalone target not found
Native extension for WebGL target not found
Refreshing native plugins compatible for Editor in 0.27 ms, found 0 plugins.
Preloading 0 native plugins for Editor in 0.00 ms.
Mono: successfully reloaded assembly
- Completed reload, in  1.376 seconds
Platform modules already initialized, skipping
Refreshing native plugins compatible for Editor in 0.32 ms, found 0 plugins.
Preloading 0 native plugins for Editor in 0.00 ms.
Unloading 1281 Unused Serialized files (Serialized files now loaded: 0)
System memory in use before: 139.1 MB.
System memory in use after: 139.1 MB.

Unloading 6 unused Assets to reduce memory usage. Loaded Objects now: 1809.
Total: 3.671700 ms (FindLiveObjects: 0.468800 ms CreateObjectMapping: 0.154200 ms MarkObjects: 2.928000 ms  DeleteObjects: 0.118500 ms)

========================================================================
Received Prepare
Registering precompiled user dll's ...
Registered in 0.000892 seconds.
Begin MonoManager ReloadAssembly
Native extension for WindowsStandalone target not found
Native extension for OSXStandalone target not found
Native extension for WebGL target not found
Refreshing native plugins compatible for Editor in 0.29 ms, found 0 plugins.
Preloading 0 native plugins for Editor in 0.00 ms.
Mono: successfully reloaded assembly
- Completed reload, in  1.220 seconds
Platform modules already initialized, skipping
Refreshing native plugins compatible for Editor in 0.29 ms, found 0 plugins.
Preloading 0 native plugins for Editor in 0.00 ms.
Unloading 1281 Unused Serialized files (Serialized files now loaded: 0)
System memory in use before: 139.1 MB.
System memory in use after: 139.2 MB.

Unloading 6 unused Assets to reduce memory usage. Loaded Objects now: 1812.
Total: 2.704500 ms (FindLiveObjects: 0.361700 ms CreateObjectMapping: 0.104000 ms MarkObjects: 2.150300 ms  DeleteObjects: 0.087200 ms)

========================================================================
Received Prepare
Registering precompiled user dll's ...
Registered in 0.001648 seconds.
Begin MonoManager ReloadAssembly
Native extension for WindowsStandalone target not found
Native extension for OSXStandalone target not found
Native extension for WebGL target not found
Refreshing native plugins compatible for Editor in 0.39 ms, found 0 plugins.
Preloading 0 native plugins for Editor in 0.00 ms.
Mono: successfully reloaded assembly
- Completed reload, in  1.163 seconds
Platform modules already initialized, skipping
Refreshing native plugins compatible for Editor in 0.26 ms, found 0 plugins.
Preloading 0 native plugins for Editor in 0.00 ms.
Unloading 1281 Unused Serialized files (Serialized files now loaded: 0)
System memory in use before: 139.1 MB.
System memory in use after: 139.2 MB.

Unloading 6 unused Assets to reduce memory usage. Loaded Objects now: 1815.
Total: 2.393900 ms (FindLiveObjects: 0.303900 ms CreateObjectMapping: 0.098700 ms MarkObjects: 1.872900 ms  DeleteObjects: 0.117300 ms)

========================================================================
Received Prepare
Registering precompiled user dll's ...
Registered in 0.000965 seconds.
Begin MonoManager ReloadAssembly
Native extension for WindowsStandalone target not found
Native extension for OSXStandalone target not found
Native extension for WebGL target not found
Refreshing native plugins compatible for Editor in 0.43 ms, found 0 plugins.
Preloading 0 native plugins for Editor in 0.00 ms.
Mono: successfully reloaded assembly
- Completed reload, in  1.322 seconds
Platform modules already initialized, skipping
Refreshing native plugins compatible for Editor in 0.30 ms, found 0 plugins.
Preloading 0 native plugins for Editor in 0.00 ms.
Unloading 1281 Unused Serialized files (Serialized files now loaded: 0)
System memory in use before: 139.1 MB.
System memory in use after: 139.2 MB.

Unloading 6 unused Assets to reduce memory usage. Loaded Objects now: 1818.
Total: 2.981400 ms (FindLiveObjects: 0.285500 ms CreateObjectMapping: 0.068200 ms MarkObjects: 2.511700 ms  DeleteObjects: 0.114700 ms)

========================================================================
Received Import Request.
  Time since last request: 4163.601952 seconds.
  path: Assets/bullet.prefab
  artifactKey: Guid(55a83aaf6a94f1e44a8afddd9205a41c) Importer(815301076,1909f56bfc062723c751e8b465ee728b)
Start importing Assets/bullet.prefab using Guid(55a83aaf6a94f1e44a8afddd9205a41c) Importer(815301076,1909f56bfc062723c751e8b465ee728b)  -> (artifact id: 'a166a291a4f2ea009b585fe735201be2') in 0.086811 seconds
  Import took 0.090760 seconds .

========================================================================
Received Import Request.
  Time since last request: 137.804064 seconds.
  path: Assets/bullet.prefab
  artifactKey: Guid(55a83aaf6a94f1e44a8afddd9205a41c) Importer(815301076,1909f56bfc062723c751e8b465ee728b)
Start importing Assets/bullet.prefab using Guid(55a83aaf6a94f1e44a8afddd9205a41c) Importer(815301076,1909f56bfc062723c751e8b465ee728b)  -> (artifact id: '7a98160473119999e5d3c2ddb5be96d9') in 0.025868 seconds
  Import took 0.030277 seconds .

========================================================================
Received Prepare
Registering precompiled user dll's ...
Registered in 0.001634 seconds.
Begin MonoManager ReloadAssembly
Native extension for WindowsStandalone target not found
Native extension for OSXStandalone target not found
Native extension for WebGL target not found
Refreshing native plugins compatible for Editor in 0.28 ms, found 0 plugins.
Preloading 0 native plugins for Editor in 0.00 ms.
Mono: successfully reloaded assembly
- Completed reload, in  1.271 seconds
Platform modules already initialized, skipping
Refreshing native plugins compatible for Editor in 0.31 ms, found 0 plugins.
Preloading 0 native plugins for Editor in 0.00 ms.
Unloading 1281 Unused Serialized files (Serialized files now loaded: 0)
System memory in use before: 139.1 MB.
System memory in use after: 139.2 MB.

Unloading 6 unused Assets to reduce memory usage. Loaded Objects now: 1822.
Total: 2.850900 ms (FindLiveObjects: 0.418200 ms CreateObjectMapping: 0.082000 ms MarkObjects: 2.228500 ms  DeleteObjects: 0.120800 ms)

========================================================================
Received Import Request.
  Time since last request: 55.859782 seconds.
  path: Assets/bullet.prefab
  artifactKey: Guid(55a83aaf6a94f1e44a8afddd9205a41c) Importer(815301076,1909f56bfc062723c751e8b465ee728b)
Start importing Assets/bullet.prefab using Guid(55a83aaf6a94f1e44a8afddd9205a41c) Importer(815301076,1909f56bfc062723c751e8b465ee728b)  -> (artifact id: '601002a738696d76869a7334d7c0fe0e') in 0.078987 seconds
  Import took 0.083355 seconds .

========================================================================
Received Import Request.
  Time since last request: 8.478135 seconds.
  path: Assets/bullet.prefab
  artifactKey: Guid(55a83aaf6a94f1e44a8afddd9205a41c) Importer(815301076,1909f56bfc062723c751e8b465ee728b)
Start importing Assets/bullet.prefab using Guid(55a83aaf6a94f1e44a8afddd9205a41c) Importer(815301076,1909f56bfc062723c751e8b465ee728b)  -> (artifact id: '697728f4d3da0ad3125555e2318dce8f') in 0.018053 seconds
  Import took 0.021982 seconds .

========================================================================
Received Import Request.
  Time since last request: 11.176412 seconds.
  path: Assets/bullet.prefab
  artifactKey: Guid(55a83aaf6a94f1e44a8afddd9205a41c) Importer(815301076,1909f56bfc062723c751e8b465ee728b)
Start importing Assets/bullet.prefab using Guid(55a83aaf6a94f1e44a8afddd9205a41c) Importer(815301076,1909f56bfc062723c751e8b465ee728b)  -> (artifact id: '40b14bb5179ae8ea6e0107cf85a25ab3') in 0.014856 seconds
  Import took 0.018346 seconds .

========================================================================
Received Prepare
Registering precompiled user dll's ...
Registered in 0.001122 seconds.
Begin MonoManager ReloadAssembly
Native extension for WindowsStandalone target not found
Native extension for OSXStandalone target not found
Native extension for WebGL target not found
Refreshing native plugins compatible for Editor in 0.31 ms, found 0 plugins.
Preloading 0 native plugins for Editor in 0.00 ms.
Mono: successfully reloaded assembly
- Completed reload, in  1.344 seconds
Platform modules already initialized, skipping
Refreshing native plugins compatible for Editor in 0.27 ms, found 0 plugins.
Preloading 0 native plugins for Editor in 0.00 ms.
Unloading 1281 Unused Serialized files (Serialized files now loaded: 0)
System memory in use before: 139.1 MB.
System memory in use after: 139.2 MB.

Unloading 6 unused Assets to reduce memory usage. Loaded Objects now: 1826.
Total: 3.295700 ms (FindLiveObjects: 0.427900 ms CreateObjectMapping: 0.123700 ms MarkObjects: 2.670400 ms  DeleteObjects: 0.071900 ms)

========================================================================
Received Import Request.
  Time since last request: 56.424358 seconds.
  path: Assets/bullet.prefab
  artifactKey: Guid(55a83aaf6a94f1e44a8afddd9205a41c) Importer(815301076,1909f56bfc062723c751e8b465ee728b)
Start importing Assets/bullet.prefab using Guid(55a83aaf6a94f1e44a8afddd9205a41c) Importer(815301076,1909f56bfc062723c751e8b465ee728b)  -> (artifact id: 'f9797999d0953848d4e4bb535c770934') in 0.101748 seconds
  Import took 0.104976 seconds .

========================================================================
Received Prepare
Registering precompiled user dll's ...
Registered in 0.000833 seconds.
Begin MonoManager ReloadAssembly
Native extension for WindowsStandalone target not found
Native extension for OSXStandalone target not found
Native extension for WebGL target not found
Refreshing native plugins compatible for Editor in 0.38 ms, found 0 plugins.
Preloading 0 native plugins for Editor in 0.00 ms.
Mono: successfully reloaded assembly
- Completed reload, in  1.408 seconds
Platform modules already initialized, skipping
Refreshing native plugins compatible for Editor in 0.27 ms, found 0 plugins.
Preloading 0 native plugins for Editor in 0.00 ms.
Unloading 1282 Unused Serialized files (Serialized files now loaded: 0)
System memory in use before: 139.1 MB.
System memory in use after: 139.2 MB.

Unloading 6 unused Assets to reduce memory usage. Loaded Objects now: 1831.
Total: 2.530700 ms (FindLiveObjects: 0.250900 ms CreateObjectMapping: 0.086000 ms MarkObjects: 2.069200 ms  DeleteObjects: 0.123400 ms)

========================================================================
Received Import Request.
  Time since last request: 156.065896 seconds.
  path: Assets/TrailSettings.cs
  artifactKey: Guid(543d107e9b42859469623a0c315a30d6) Importer(815301076,1909f56bfc062723c751e8b465ee728b)
Start importing Assets/TrailSettings.cs using Guid(543d107e9b42859469623a0c315a30d6) Importer(815301076,1909f56bfc062723c751e8b465ee728b)  -> (artifact id: 'cc1b56f7940bb8496886bf9e52de5814') in 0.026662 seconds
  Import took 0.030620 seconds .

========================================================================
Received Import Request.
  Time since last request: 0.005620 seconds.
  path: Assets/TrailSettings.cs
  artifactKey: Guid(543d107e9b42859469623a0c315a30d6) Importer(815301076,1909f56bfc062723c751e8b465ee728b)
Start importing Assets/TrailSettings.cs using Guid(543d107e9b42859469623a0c315a30d6) Importer(815301076,1909f56bfc062723c751e8b465ee728b)  -> (artifact id: 'cc1b56f7940bb8496886bf9e52de5814') in 0.005186 seconds
  Import took 0.008126 seconds .

========================================================================
Received Prepare
Registering precompiled user dll's ...
Registered in 0.000871 seconds.
Begin MonoManager ReloadAssembly
Native extension for WindowsStandalone target not found
Native extension for OSXStandalone target not found
Native extension for WebGL target not found
Refreshing native plugins compatible for Editor in 0.29 ms, found 0 plugins.
Preloading 0 native plugins for Editor in 0.00 ms.
Mono: successfully reloaded assembly
- Completed reload, in  1.241 seconds
Platform modules already initialized, skipping
Refreshing native plugins compatible for Editor in 0.27 ms, found 0 plugins.
Preloading 0 native plugins for Editor in 0.00 ms.
Unloading 1282 Unused Serialized files (Serialized files now loaded: 0)
System memory in use before: 139.1 MB.
System memory in use after: 139.2 MB.

Unloading 6 unused Assets to reduce memory usage. Loaded Objects now: 1834.
Total: 2.561200 ms (FindLiveObjects: 0.200700 ms CreateObjectMapping: 0.059600 ms MarkObjects: 2.204000 ms  DeleteObjects: 0.095800 ms)

========================================================================
Received Import Request.
  Time since last request: 138.353705 seconds.
  path: Assets/bullet.prefab
  artifactKey: Guid(55a83aaf6a94f1e44a8afddd9205a41c) Importer(815301076,1909f56bfc062723c751e8b465ee728b)
Start importing Assets/bullet.prefab using Guid(55a83aaf6a94f1e44a8afddd9205a41c) Importer(815301076,1909f56bfc062723c751e8b465ee728b)  -> (artifact id: 'bba4203d737c9b105cb036a4240c54f5') in 0.090519 seconds
  Import took 0.096160 seconds .

========================================================================
Received Import Request.
  Time since last request: 4.947402 seconds.
  path: Assets/bullet.prefab
  artifactKey: Guid(55a83aaf6a94f1e44a8afddd9205a41c) Importer(815301076,1909f56bfc062723c751e8b465ee728b)
Start importing Assets/bullet.prefab using Guid(55a83aaf6a94f1e44a8afddd9205a41c) Importer(815301076,1909f56bfc062723c751e8b465ee728b)  -> (artifact id: '928185417cec693f69ba6e04fe52ed02') in 0.016079 seconds
  Import took 0.021279 seconds .

========================================================================
Received Import Request.
  Time since last request: 0.013638 seconds.
  path: Assets/bullet.prefab
  artifactKey: Guid(55a83aaf6a94f1e44a8afddd9205a41c) Importer(815301076,1909f56bfc062723c751e8b465ee728b)
Start importing Assets/bullet.prefab using Guid(55a83aaf6a94f1e44a8afddd9205a41c) Importer(815301076,1909f56bfc062723c751e8b465ee728b)  -> (artifact id: '928185417cec693f69ba6e04fe52ed02') in 0.014170 seconds
  Import took 0.017276 seconds .

========================================================================
Received Import Request.
  Time since last request: 5.127643 seconds.
  path: Assets/bullet.prefab
  artifactKey: Guid(55a83aaf6a94f1e44a8afddd9205a41c) Importer(815301076,1909f56bfc062723c751e8b465ee728b)
Start importing Assets/bullet.prefab using Guid(55a83aaf6a94f1e44a8afddd9205a41c) Importer(815301076,1909f56bfc062723c751e8b465ee728b)  -> (artifact id: '338682f1bbd634bd250f35ece7903c45') in 0.018532 seconds
  Import took 0.022649 seconds .

========================================================================
Received Import Request.
  Time since last request: 2.108786 seconds.
  path: Assets/bullet.prefab
  artifactKey: Guid(55a83aaf6a94f1e44a8afddd9205a41c) Importer(815301076,1909f56bfc062723c751e8b465ee728b)
Start importing Assets/bullet.prefab using Guid(55a83aaf6a94f1e44a8afddd9205a41c) Importer(815301076,1909f56bfc062723c751e8b465ee728b)  -> (artifact id: 'fc35cd9254481db75d6614c665f67fa3') in 0.020417 seconds
  Import took 0.023536 seconds .

========================================================================
Received Import Request.
  Time since last request: 7.429103 seconds.
  path: Assets/bullet.prefab
  artifactKey: Guid(55a83aaf6a94f1e44a8afddd9205a41c) Importer(815301076,1909f56bfc062723c751e8b465ee728b)
Start importing Assets/bullet.prefab using Guid(55a83aaf6a94f1e44a8afddd9205a41c) Importer(815301076,1909f56bfc062723c751e8b465ee728b)  -> (artifact id: '47096accbafda0c8296bca7a203fa235') in 0.017943 seconds
  Import took 0.021767 seconds .

========================================================================
Received Import Request.
  Time since last request: 2.094502 seconds.
  path: Assets/bullet.prefab
  artifactKey: Guid(55a83aaf6a94f1e44a8afddd9205a41c) Importer(815301076,1909f56bfc062723c751e8b465ee728b)
Start importing Assets/bullet.prefab using Guid(55a83aaf6a94f1e44a8afddd9205a41c) Importer(815301076,1909f56bfc062723c751e8b465ee728b)  -> (artifact id: 'd53932bfed032b1befcf7bf8716f05c2') in 0.020825 seconds
  Import took 0.025358 seconds .

========================================================================
Received Import Request.
  Time since last request: 5.774266 seconds.
  path: Assets/bullet.prefab
  artifactKey: Guid(55a83aaf6a94f1e44a8afddd9205a41c) Importer(815301076,1909f56bfc062723c751e8b465ee728b)
Start importing Assets/bullet.prefab using Guid(55a83aaf6a94f1e44a8afddd9205a41c) Importer(815301076,1909f56bfc062723c751e8b465ee728b)  -> (artifact id: 'bc6869e45656b7516cc0ca71d8f8a22f') in 0.029800 seconds
  Import took 0.034998 seconds .

========================================================================
Received Import Request.
  Time since last request: 75.673630 seconds.
  path: Assets/bullet.prefab
  artifactKey: Guid(55a83aaf6a94f1e44a8afddd9205a41c) Importer(815301076,1909f56bfc062723c751e8b465ee728b)
Start importing Assets/bullet.prefab using Guid(55a83aaf6a94f1e44a8afddd9205a41c) Importer(815301076,1909f56bfc062723c751e8b465ee728b)  -> (artifact id: 'c86a022b09e6bff71f1d39210f410c31') in 0.023614 seconds
  Import took 0.026718 seconds .

========================================================================
Received Import Request.
  Time since last request: 5.151718 seconds.
  path: Assets/bullet.prefab
  artifactKey: Guid(55a83aaf6a94f1e44a8afddd9205a41c) Importer(815301076,1909f56bfc062723c751e8b465ee728b)
Start importing Assets/bullet.prefab using Guid(55a83aaf6a94f1e44a8afddd9205a41c) Importer(815301076,1909f56bfc062723c751e8b465ee728b)  -> (artifact id: '080344e825242ca45dc47d9ccf379610') in 0.018966 seconds
  Import took 0.022269 seconds .

========================================================================
Received Prepare
Registering precompiled user dll's ...
Registered in 0.000853 seconds.
Begin MonoManager ReloadAssembly
Native extension for WindowsStandalone target not found
Native extension for OSXStandalone target not found
Native extension for WebGL target not found
Refreshing native plugins compatible for Editor in 0.28 ms, found 0 plugins.
Preloading 0 native plugins for Editor in 0.00 ms.
Mono: successfully reloaded assembly
- Completed reload, in  1.126 seconds
Platform modules already initialized, skipping
Refreshing native plugins compatible for Editor in 0.27 ms, found 0 plugins.
Preloading 0 native plugins for Editor in 0.00 ms.
Unloading 1282 Unused Serialized files (Serialized files now loaded: 0)
System memory in use before: 139.2 MB.
System memory in use after: 139.3 MB.

Unloading 6 unused Assets to reduce memory usage. Loaded Objects now: 1838.
Total: 5.969100 ms (FindLiveObjects: 0.404700 ms CreateObjectMapping: 0.155300 ms MarkObjects: 5.260500 ms  DeleteObjects: 0.145600 ms)

